2012-05-18 16:27:51,935 - [INFO] - from play in main 
Listening for HTTP on port 9000...

2012-05-18 16:28:18,583 - [INFO] - from play in play-akka.actor.default-dispatcher-3 
datasource [jdbc:h2:mem:play] bound to JNDI as DefaultDS

2012-05-18 16:28:18,802 - [INFO] - from play in play-akka.actor.default-dispatcher-3 
database [default] connected at jdbc:h2:mem:play

2012-05-18 16:28:20,473 - [ERROR] - from application in New I/O server worker #1-1 


! @6ad4np22m - Internal server error, for request [GET /] ->

play.api.db.evolutions.InvalidDatabaseRevision: Database 'default' needs evolution! [An SQL script need to be run on your database.]
	at play.api.db.evolutions.EvolutionsPlugin$$anonfun$onStart$1.apply(Evolutions.scala:424) ~[play_2.9.1.jar:2.0]
	at play.api.db.evolutions.EvolutionsPlugin$$anonfun$onStart$1.apply(Evolutions.scala:410) ~[play_2.9.1.jar:2.0]
	at scala.collection.LinearSeqOptimized$class.foreach(LinearSeqOptimized.scala:59) ~[scala-library.jar:0.11.2]
	at scala.collection.immutable.List.foreach(List.scala:45) ~[scala-library.jar:0.11.2]
	at play.api.db.evolutions.EvolutionsPlugin.onStart(Evolutions.scala:410) ~[play_2.9.1.jar:2.0]
	at play.api.Play$$anonfun$start$1.apply(Play.scala:60) ~[play_2.9.1.jar:2.0]
	at play.api.Play$$anonfun$start$1.apply(Play.scala:60) ~[play_2.9.1.jar:2.0]
	at scala.collection.LinearSeqOptimized$class.foreach(LinearSeqOptimized.scala:59) ~[scala-library.jar:0.11.2]
	at scala.collection.immutable.List.foreach(List.scala:45) ~[scala-library.jar:0.11.2]
	at play.api.Play$.start(Play.scala:60) ~[play_2.9.1.jar:2.0]
	at play.core.ReloadableApplication$$anonfun$get$1$$anonfun$apply$3$$anonfun$1.apply(ApplicationProvider.scala:125) ~[play_2.9.1.jar:2.0]
	at play.core.ReloadableApplication$$anonfun$get$1$$anonfun$apply$3$$anonfun$1.apply(ApplicationProvider.scala:112) ~[play_2.9.1.jar:2.0]
	at scala.Option.map(Option.scala:133) ~[scala-library.jar:0.11.2]
	at play.core.ReloadableApplication$$anonfun$get$1$$anonfun$apply$3.apply(ApplicationProvider.scala:112) ~[play_2.9.1.jar:2.0]
	at play.core.ReloadableApplication$$anonfun$get$1$$anonfun$apply$3.apply(ApplicationProvider.scala:110) ~[play_2.9.1.jar:2.0]
	at scala.Either$RightProjection.flatMap(Either.scala:277) ~[scala-library.jar:0.11.2]
	at play.core.ReloadableApplication$$anonfun$get$1.apply(ApplicationProvider.scala:110) ~[play_2.9.1.jar:2.0]
	at play.core.ReloadableApplication$$anonfun$get$1.apply(ApplicationProvider.scala:110) ~[play_2.9.1.jar:2.0]
	at akka.dispatch.Future$$anon$3.liftedTree1$1(Future.scala:195) ~[akka-actor.jar:2.0]
	at akka.dispatch.Future$$anon$3.run(Future.scala:194) ~[akka-actor.jar:2.0]
	at akka.dispatch.TaskInvocation.run(AbstractDispatcher.scala:83) ~[akka-actor.jar:2.0]
	at akka.jsr166y.ForkJoinTask$AdaptedRunnableAction.exec(ForkJoinTask.java:1381) ~[akka-actor.jar:2.0]
	at akka.jsr166y.ForkJoinTask.doExec(ForkJoinTask.java:259) ~[akka-actor.jar:2.0]
	at akka.jsr166y.ForkJoinPool$WorkQueue.runTask(ForkJoinPool.java:997) ~[akka-actor.jar:2.0]
	at akka.jsr166y.ForkJoinPool.runWorker(ForkJoinPool.java:1495) ~[akka-actor.jar:2.0]
	at akka.jsr166y.ForkJoinWorkerThread.run(ForkJoinWorkerThread.java:104) ~[akka-actor.jar:2.0]

2012-05-18 16:28:22,626 - [INFO] - from play in New I/O server worker #1-1 
datasource [jdbc:h2:mem:play] bound to JNDI as DefaultDS

2012-05-18 16:28:22,649 - [WARN] - from play in New I/O server worker #1-1 
Applying evolution script for database 'default':

# --- Rev:1,Ups - 03fd4e1
create table build_job (
id                        bigint not null,
name                      varchar(1024),
url                       varchar(1024),
color                     varchar(255),
build_number              varchar(255),
hidden                    boolean,
highlight                 boolean,
in_progress               boolean,
display_order             integer,
constraint pk_build_job primary key (id))
;

create table build_monitor_config (
id                        bigint not null,
name                      varchar(255),
build_url                 varchar(255),
background_color          varchar(255),
constraint pk_build_monitor_config primary key (id))
;

create table global_config (
id                        bigint not null,
refresh_rate_in_seconds   integer,
sounds_activated          boolean,
path_to_sounds            varchar(255),
play_sound_on_failure     boolean,
play_sound_on_success     boolean,
play_sound_on_unstable    boolean,
display_avatars           boolean,
display_latest_successful boolean,
description               varchar(255),
constraint pk_global_config primary key (id))
;


create table build_monitor_config_build_job (
build_monitor_config_id        bigint not null,
build_job_id                   bigint not null,
constraint pk_build_monitor_config_build_job primary key (build_monitor_config_id, build_job_id))
;
create sequence build_job_seq;

create sequence build_monitor_config_seq;

create sequence global_config_seq;




alter table build_monitor_config_build_job add constraint fk_build_monitor_config_build_01 foreign key (build_monitor_config_id) references build_monitor_config (id) on delete restrict on update restrict;

alter table build_monitor_config_build_job add constraint fk_build_monitor_config_build_02 foreign key (build_job_id) references build_job (id) on delete restrict on update restrict;


2012-05-18 16:28:23,349 - [INFO] - from play in play-akka.actor.default-dispatcher-3 
datasource [jdbc:h2:mem:play] bound to JNDI as DefaultDS

2012-05-18 16:28:23,351 - [INFO] - from play in play-akka.actor.default-dispatcher-3 
database [default] connected at jdbc:h2:mem:play

2012-05-18 16:28:24,008 - [INFO] - from play in play-akka.actor.default-dispatcher-3 
Application started (Dev)

2012-05-18 16:29:16,014 - [INFO] - from play in play-akka.actor.default-dispatcher-4 
datasource [jdbc:h2:mem:play] bound to JNDI as DefaultDS

2012-05-18 16:29:16,017 - [INFO] - from play in play-akka.actor.default-dispatcher-4 
database [default] connected at jdbc:h2:mem:play

2012-05-18 16:29:16,718 - [INFO] - from play in play-akka.actor.default-dispatcher-4 
Application started (Dev)

